app/build/outputs/logs/manifest-merger-debug-report.txt
-- Merging decision tree log ---
manifest
ADDED from src\main\AndroidManifest.xml:24:1-67:12
	package
		ADDED from src\main\AndroidManifest.xml:25:7-58
		INJECTED from src\main\AndroidManifest.xml
		INJECTED from src\main\AndroidManifest.xml
	android:versionName
		ADDED from src\main\AndroidManifest.xml:27:7-48
		INJECTED from src\main\AndroidManifest.xml
		INJECTED from src\main\AndroidManifest.xml
	android:versionCode
		ADDED from src\main\AndroidManifest.xml:26:7-32
		INJECTED from src\main\AndroidManifest.xml
		INJECTED from src\main\AndroidManifest.xml
	xmlns:android
		ADDED from src\main\AndroidManifest.xml:24:11-69
uses-feature#android.hardware.usb.host
ADDED from src\main\AndroidManifest.xml:29:5-62
	android:name
		ADDED from src\main\AndroidManifest.xml:29:19-59
uses-sdk
ADDED from src\main\AndroidManifest.xml:30:2-71
	android:targetSdkVersion
		ADDED from src\main\AndroidManifest.xml:30:12-41
		INJECTED from src\main\AndroidManifest.xml
		INJECTED from src\main\AndroidManifest.xml
	android:minSdkVersion
		ADDED from src\main\AndroidManifest.xml:30:42-68
		INJECTED from src\main\AndroidManifest.xml
		INJECTED from src\main\AndroidManifest.xml
uses-permission#android.permission.ACCESS_FINE_LOCATION
ADDED from src\main\AndroidManifest.xml:32:2-76
	android:name
		ADDED from src\main\AndroidManifest.xml:32:19-73
uses-permission#android.permission.WRITE_EXTERNAL_STORAGE
ADDED from src\main\AndroidManifest.xml:33:2-78
	android:name
		ADDED from src\main\AndroidManifest.xml:33:19-75
uses-permission#android.permission.ACCESS_MOCK_LOCATION
ADDED from src\main\AndroidManifest.xml:34:2-76
	android:name
		ADDED from src\main\AndroidManifest.xml:34:19-73
application
ADDED from src\main\AndroidManifest.xml:36:5-66:19
	android:label
		ADDED from src\main\AndroidManifest.xml:36:63-95
	android:allowClearUserData
		ADDED from src\main\AndroidManifest.xml:36:96-129
	android:icon
		ADDED from src\main\AndroidManifest.xml:36:18-62
activity#org.broeuschmeul.android.gps.bluetooth.provider.BluetoothGpsActivity
ADDED from src\main\AndroidManifest.xml:37:9-44:20
	android:label
		ADDED from src\main\AndroidManifest.xml:38:19-51
	android:launchMode
		ADDED from src\main\AndroidManifest.xml:39:19-50
	android:name
		ADDED from src\main\AndroidManifest.xml:37:19-102
intent-filter#android.intent.action.MAIN+android.intent.category.LAUNCHER
ADDED from src\main\AndroidManifest.xml:40:13-43:29
action#android.intent.action.MAIN
ADDED from src\main\AndroidManifest.xml:41:17-69
	android:name
		ADDED from src\main\AndroidManifest.xml:41:25-66
category#android.intent.category.LAUNCHER
ADDED from src\main\AndroidManifest.xml:42:17-77
	android:name
		ADDED from src\main\AndroidManifest.xml:42:27-74
service#org.broeuschmeul.android.gps.bluetooth.provider.BluetoothGpsProviderService
ADDED from src\main\AndroidManifest.xml:49:3-64:13
	android:enabled
		ADDED from src\main\AndroidManifest.xml:49:103-125
	android:exported
		ADDED from src\main\AndroidManifest.xml:49:126-149
	android:name
		ADDED from src\main\AndroidManifest.xml:49:12-102
intent-filter#org.broeuschmeul.android.gps.usb.provider.nmea.intent.action.START_GPS_PROVIDER+org.broeuschmeul.android.gps.usb.provider.nmea.intent.action.STOP_GPS_PROVIDER+org.broeuschmeul.android.gps.usb.tracker.nmea.intent.action.START_TRACK_RECORDING+org.broeuschmeul.android.gps.usb.tracker.nmea.intent.action.STOP_TRACK_RECORDING
ADDED from src\main\AndroidManifest.xml:50:4-63:20
action#org.broeuschmeul.android.gps.usb.tracker.nmea.intent.action.START_TRACK_RECORDING
ADDED from src\main\AndroidManifest.xml:51:5-53:14
	android:name
		ADDED from src\main\AndroidManifest.xml:51:13-109
category#android.intent.category.DEFAULT
ADDED from src\main\AndroidManifest.xml:52:6-65
	android:name
		ADDED from src\main\AndroidManifest.xml:52:16-62
action#org.broeuschmeul.android.gps.usb.tracker.nmea.intent.action.STOP_TRACK_RECORDING
ADDED from src\main\AndroidManifest.xml:54:5-56:14
	android:name
		ADDED from src\main\AndroidManifest.xml:54:13-108
action#org.broeuschmeul.android.gps.usb.provider.nmea.intent.action.START_GPS_PROVIDER
ADDED from src\main\AndroidManifest.xml:57:5-59:14
	android:name
		ADDED from src\main\AndroidManifest.xml:57:13-107
action#org.broeuschmeul.android.gps.usb.provider.nmea.intent.action.STOP_GPS_PROVIDER
ADDED from src\main\AndroidManifest.xml:60:5-62:14
	android:name
		ADDED from src\main\AndroidManifest.xml:60:13-106